#
# A fatal error has been detected by the Java Runtime Environment:
#
#  Internal Error (0xc000000d), pid=10132, tid=9360
#
# JRE version: Java(TM) SE Runtime Environment (8.0_25-b18) (build 1.8.0_25-b18)
# Java VM: Java HotSpot(TM) 64-Bit Server VM (25.25-b02 mixed mode windows-amd64 compressed oops)
# Problematic frame:
# C  [ntdll.dll+0x99b66]
#
# Failed to write core dump. Minidumps are not enabled by default on client versions of Windows
#
# If you would like to submit a bug report, please visit:
#   http://bugreport.sun.com/bugreport/crash.jsp
#

---------------  T H R E A D  ---------------

Current thread (0x0000000013b5b000):  VMThread [stack: 0x0000000014bc0000,0x0000000014cc0000] [id=9360]

siginfo: ExceptionCode=0xc000000d

Registers:
RAX=0x0000000062a7c739, RBX=0x0000000000000000, RCX=0x0000000014cbef10, RDX=0x0000000000000000
RSP=0x0000000014cbf520, RBP=0x0000000021beaef0, RSI=0x000007feee267408, RDI=0x0000000014cbf668
R8 =0x0000000000000000, R9 =0x0000000000000000, R10=0x0000000000000000, R11=0x0000000000000246
R12=0x0000000021bbb6e0, R13=0x0000000021bbb6b0, R14=0x0000000021beaff8, R15=0x0000000000000000
RIP=0x0000000077bb9b66, EFLAGS=0x0000000000000206

Top of Stack: (sp=0x0000000014cbf520)
0x0000000014cbf520:   0000000000000000 000007feee267408
0x0000000014cbf530:   0000000014cbf668 0000000000000000
0x0000000014cbf540:   0000000000000000 0000000000000000
0x0000000014cbf550:   0000000000000000 0000000000000000
0x0000000014cbf560:   0000000000000002 0000000000000000
0x0000000014cbf570:   00000000c000000d 0000000000000000
0x0000000014cbf580:   0000000077bb9b66 0000000000000000
0x0000000014cbf590:   0000000000000000 0000000000000000
0x0000000014cbf5a0:   0000000000000000 0000000000000000
0x0000000014cbf5b0:   0000000000000000 0000000000000000
0x0000000014cbf5c0:   0000000000000000 0000000000000000
0x0000000014cbf5d0:   0000000000000000 0000000000000000
0x0000000014cbf5e0:   0000000000000000 0000000000000000
0x0000000014cbf5f0:   0000000000000000 0000000000000000
0x0000000014cbf600:   0000000000000000 0000000000000000
0x0000000014cbf610:   0000000000000090 00000000778c33c8 

Instructions: (pc=0x0000000077bb9b66)
0x0000000077bb9b46:   46 54 fb ff b9 57 00 00 00 c7 44 24 50 0d 00 00
0x0000000077bb9b56:   c0 e8 34 57 fb ff 48 8d 4c 24 50 e8 aa ef f7 ff
0x0000000077bb9b66:   4c 8b 1d 6b 58 09 00 4d 85 db 74 5b 65 48 8b 04
0x0000000077bb9b76:   25 30 00 00 00 f6 80 ee 17 00 00 08 74 12 65 48 


Register to memory mapping:

RAX=0x0000000062a7c739 is an unknown value
RBX=0x0000000000000000 is an unknown value
RCX=0x0000000014cbef10 is an unknown value
RDX=0x0000000000000000 is an unknown value
RSP=0x0000000014cbf520 is an unknown value
RBP=0x0000000021beaef0 is an unknown value
RSI=0x000007feee267408 is an unknown value
RDI=0x0000000014cbf668 is an unknown value
R8 =0x0000000000000000 is an unknown value
R9 =0x0000000000000000 is an unknown value
R10=0x0000000000000000 is an unknown value
R11=0x0000000000000246 is an unknown value
R12=0x0000000021bbb6e0 is an unknown value
R13=0x0000000021bbb6b0 is an unknown value
R14=0x0000000021beaff8 is an unknown value
R15=0x0000000000000000 is an unknown value


Stack: [0x0000000014bc0000,0x0000000014cc0000],  sp=0x0000000014cbf520,  free space=1021k
Native frames: (J=compiled Java code, j=interpreted, Vv=VM code, C=native code)
C  [ntdll.dll+0x99b66]
C  [kernel32.dll+0x433c8]
C  [MSVCR110.dll+0x752d]
C  [MSVCR110.dll+0x14cde]
C  [MSVCR110.dll+0x13edc]
C  [MSVCR110.dll+0x239e]
C  [MSVCR110.dll+0xaf9e]
C  [MSVCP110.dll+0x397b9]
C  [librdi_common.dll+0x135d02]
C  [librdi_common.dll+0x13447b]
C  0x000007fee0832400
C  0x000007fee0832682
C  [ntdll.dll+0x235f1]
C  [ntdll.dll+0x23400]
C  [MSVCR100.dll+0x20ccd]
V  [jvm.dll+0x1f9c55]
V  [jvm.dll+0x2325e7]
V  [jvm.dll+0x231826]
V  [jvm.dll+0x231cc1]
V  [jvm.dll+0x231ede]
V  [jvm.dll+0x2852fa]
C  [MSVCR100.dll+0x21d9f]
C  [MSVCR100.dll+0x21e3b]
C  [kernel32.dll+0x159ed]
C  [ntdll.dll+0x2b371]

VM_Operation (0x000000000012f500): Exit, mode: safepoint, requested by thread 0x0000000002568000


---------------  P R O C E S S  ---------------

Java Threads: ( => current thread )
  0x0000000018cd6000 JavaThread "Spawner Reaper" daemon [_thread_in_native, id=5116, stack(0x0000000024c10000,0x0000000024d10000)]
  0x0000000019409800 JavaThread "pool-1-thread-3" [_thread_blocked, id=7164, stack(0x0000000029ce0000,0x0000000029de0000)]
  0x000000001940b800 JavaThread "pool-1-thread-2" [_thread_blocked, id=9728, stack(0x0000000024a10000,0x0000000024b10000)]
  0x00000000172c9800 JavaThread "pool-1-thread-1" [_thread_blocked, id=10092, stack(0x000000002d1a0000,0x000000002d2a0000)]
  0x000000001acf4800 JavaThread "Thread-41" daemon [_thread_blocked, id=10056, stack(0x000000002cdd0000,0x000000002ced0000)]
  0x0000000018cd2000 JavaThread "TCF Locator DNS Lookup" daemon [_thread_blocked, id=9164, stack(0x000000001f0d0000,0x000000001f1d0000)]
  0x0000000018cd1800 JavaThread "TCF Locator Timer" daemon [_thread_blocked, id=7216, stack(0x000000001efd0000,0x000000001f0d0000)]
  0x0000000018cd0800 JavaThread "TCF Locator Receiver" daemon [_thread_in_native, id=9200, stack(0x000000001eed0000,0x000000001efd0000)]
  0x00000000172c7000 JavaThread "TCF Timer Dispatcher" daemon [_thread_blocked, id=4780, stack(0x000000001e120000,0x000000001e220000)]
  0x00000000172c5800 JavaThread "EMF Reference Cleaner" daemon [_thread_blocked, id=4172, stack(0x0000000018430000,0x0000000018530000)]
  0x0000000014f1e000 JavaThread "Service Thread" daemon [_thread_blocked, id=8672, stack(0x00000000157c0000,0x00000000158c0000)]
  0x0000000014ec9000 JavaThread "C1 CompilerThread2" daemon [_thread_blocked, id=1956, stack(0x00000000156c0000,0x00000000157c0000)]
  0x0000000014ec7800 JavaThread "C2 CompilerThread1" daemon [_thread_blocked, id=9764, stack(0x00000000155c0000,0x00000000156c0000)]
  0x0000000014ec5800 JavaThread "C2 CompilerThread0" daemon [_thread_blocked, id=9092, stack(0x00000000154c0000,0x00000000155c0000)]
  0x0000000014ec1000 JavaThread "Attach Listener" daemon [_thread_blocked, id=7176, stack(0x00000000153c0000,0x00000000154c0000)]
  0x0000000014ec0800 JavaThread "Signal Dispatcher" daemon [_thread_blocked, id=5232, stack(0x00000000152c0000,0x00000000153c0000)]
  0x0000000013b68000 JavaThread "Finalizer" daemon [_thread_blocked, id=7728, stack(0x0000000014dc0000,0x0000000014ec0000)]
  0x0000000013b5f000 JavaThread "Reference Handler" daemon [_thread_blocked, id=9672, stack(0x0000000014cc0000,0x0000000014dc0000)]
  0x0000000002568000 JavaThread "main" [_thread_blocked, id=5180, stack(0x0000000000030000,0x0000000000130000)]

Other Threads:
=>0x0000000013b5b000 VMThread [stack: 0x0000000014bc0000,0x0000000014cc0000] [id=9360]

VM state:at safepoint (shutting down)

VM Mutex/Monitor currently owned by a thread:  ([mutex/lock_event])
[0x00000000024ae5f0] Threads_lock - owner thread: 0x0000000013b5b000

Heap:
 PSYoungGen      total 107520K, used 29341K [0x00000000f5580000, 0x00000000ff500000, 0x0000000100000000)
  eden space 105984K, 27% used [0x00000000f5580000,0x00000000f7227748,0x00000000fbd00000)
  from space 1536K, 0% used [0x00000000fbd00000,0x00000000fbd00000,0x00000000fbe80000)
  to   space 28672K, 0% used [0x00000000fd900000,0x00000000fd900000,0x00000000ff500000)
 ParOldGen       total 86016K, used 39716K [0x00000000e0000000, 0x00000000e5400000, 0x00000000f5580000)
  object space 86016K, 46% used [0x00000000e0000000,0x00000000e26c90b8,0x00000000e5400000)
 Metaspace       used 84745K, capacity 90864K, committed 91264K, reserved 1128448K
  class space    used 10358K, capacity 12308K, committed 12416K, reserved 1048576K

Card table byte_map: [0x0000000011b10000,0x0000000011c20000] byte_map_base: 0x0000000011410000

Marking Bits: (ParMarkBitMap*) 0x0000000070afd490
 Begin Bits: [0x00000000120d0000, 0x00000000128d0000)
 End Bits:   [0x00000000128d0000, 0x00000000130d0000)

Polling page: 0x0000000000220000

CodeCache: size=245760Kb used=40651Kb max_used=40862Kb free=205108Kb
 bounds [0x0000000002750000, 0x0000000004f90000, 0x0000000011750000]
 total_blobs=12045 nmethods=11178 adapters=774
 compilation: enabled

Compilation events (10 events):
Event: 2187.197 Thread 0x0000000014ec5800 nmethod 13958 0x000000000325e310 code [0x000000000325e460, 0x000000000325e538]
Event: 2187.198 Thread 0x0000000014ec7800 nmethod 13954 0x00000000030b20d0 code [0x00000000030b2280, 0x00000000030b2b68]
Event: 2187.198 Thread 0x0000000014ec7800 13961       4       org.eclipse.osgi.framework.eventmgr.CopyOnWriteIdentityMap$Snapshot$EntrySet::iterator (12 bytes)
Event: 2187.199 Thread 0x0000000014ec7800 nmethod 13961 0x000000000337d410 code [0x000000000337d560, 0x000000000337d678]
Event: 2187.199 Thread 0x0000000014ec7800 13942       4       java.io.Writer::write (11 bytes)
Event: 2187.204 Thread 0x0000000014ec7800 nmethod 13942 0x000000000475ad50 code [0x000000000475aec0, 0x000000000475b508]
Event: 2187.329 Thread 0x0000000014ec9000 13975   !   3       org.eclipse.osgi.internal.baseadaptor.BaseStorage::compact (215 bytes)
Event: 2187.332 Thread 0x0000000014ec9000 nmethod 13975 0x00000000047b6850 code [0x00000000047b6c80, 0x00000000047b90e8]
Event: 2187.408 Thread 0x0000000014ec9000 13976       3       org.eclipse.osgi.framework.internal.core.AbstractBundle::close (52 bytes)
Event: 2187.409 Thread 0x0000000014ec9000 nmethod 13976 0x000000000302b590 code [0x000000000302b7c0, 0x000000000302c4a8]

GC Heap History (10 events):
Event: 559.179 GC heap before
{Heap before GC invocations=29 (full 8):
 PSYoungGen      total 140288K, used 8466K [0x00000000f5580000, 0x00000000ffe80000, 0x0000000100000000)
  eden space 109568K, 5% used [0x00000000f5580000,0x00000000f5bdadb0,0x00000000fc080000)
  from space 30720K, 6% used [0x00000000fe080000,0x00000000fe269c70,0x00000000ffe80000)
  to   space 31744K, 0% used [0x00000000fc080000,0x00000000fc080000,0x00000000fdf80000)
 ParOldGen       total 86016K, used 51475K [0x00000000e0000000, 0x00000000e5400000, 0x00000000f5580000)
  object space 86016K, 59% used [0x00000000e0000000,0x00000000e3244dc0,0x00000000e5400000)
 Metaspace       used 83489K, capacity 89550K, committed 89728K, reserved 1126400K
  class space    used 10266K, capacity 12159K, committed 12160K, reserved 1048576K
Event: 559.184 GC heap after
Heap after GC invocations=29 (full 8):
 PSYoungGen      total 111616K, used 1966K [0x00000000f5580000, 0x00000000ffc80000, 0x0000000100000000)
  eden space 109568K, 0% used [0x00000000f5580000,0x00000000f5580000,0x00000000fc080000)
  from space 2048K, 96% used [0x00000000fc080000,0x00000000fc26b8d0,0x00000000fc280000)
  to   space 30720K, 0% used [0x00000000fde80000,0x00000000fde80000,0x00000000ffc80000)
 ParOldGen       total 86016K, used 51483K [0x00000000e0000000, 0x00000000e5400000, 0x00000000f5580000)
  object space 86016K, 59% used [0x00000000e0000000,0x00000000e3246dc0,0x00000000e5400000)
 Metaspace       used 83489K, capacity 89550K, committed 89728K, reserved 1126400K
  class space    used 10266K, capacity 12159K, committed 12160K, reserved 1048576K
}
Event: 559.184 GC heap before
{Heap before GC invocations=30 (full 9):
 PSYoungGen      total 111616K, used 1966K [0x00000000f5580000, 0x00000000ffc80000, 0x0000000100000000)
  eden space 109568K, 0% used [0x00000000f5580000,0x00000000f5580000,0x00000000fc080000)
  from space 2048K, 96% used [0x00000000fc080000,0x00000000fc26b8d0,0x00000000fc280000)
  to   space 30720K, 0% used [0x00000000fde80000,0x00000000fde80000,0x00000000ffc80000)
 ParOldGen       total 86016K, used 51483K [0x00000000e0000000, 0x00000000e5400000, 0x00000000f5580000)
  object space 86016K, 59% used [0x00000000e0000000,0x00000000e3246dc0,0x00000000e5400000)
 Metaspace       used 83489K, capacity 89550K, committed 89728K, reserved 1126400K
  class space    used 10266K, capacity 12159K, committed 12160K, reserved 1048576K
Event: 559.479 GC heap after
Heap after GC invocations=30 (full 9):
 PSYoungGen      total 111616K, used 0K [0x00000000f5580000, 0x00000000ffc80000, 0x0000000100000000)
  eden space 109568K, 0% used [0x00000000f5580000,0x00000000f5580000,0x00000000fc080000)
  from space 2048K, 0% used [0x00000000fc080000,0x00000000fc080000,0x00000000fc280000)
  to   space 30720K, 0% used [0x00000000fde80000,0x00000000fde80000,0x00000000ffc80000)
 ParOldGen       total 86016K, used 43314K [0x00000000e0000000, 0x00000000e5400000, 0x00000000f5580000)
  object space 86016K, 50% used [0x00000000e0000000,0x00000000e2a4c8e0,0x00000000e5400000)
 Metaspace       used 83477K, capacity 89532K, committed 89728K, reserved 1126400K
  class space    used 10264K, capacity 12156K, committed 12160K, reserved 1048576K
}
Event: 2105.826 GC heap before
{Heap before GC invocations=31 (full 9):
 PSYoungGen      total 111616K, used 109568K [0x00000000f5580000, 0x00000000ffc80000, 0x0000000100000000)
  eden space 109568K, 100% used [0x00000000f5580000,0x00000000fc080000,0x00000000fc080000)
  from space 2048K, 0% used [0x00000000fc080000,0x00000000fc080000,0x00000000fc280000)
  to   space 30720K, 0% used [0x00000000fde80000,0x00000000fde80000,0x00000000ffc80000)
 ParOldGen       total 86016K, used 43314K [0x00000000e0000000, 0x00000000e5400000, 0x00000000f5580000)
  object space 86016K, 50% used [0x00000000e0000000,0x00000000e2a4c8e0,0x00000000e5400000)
 Metaspace       used 83898K, capacity 89980K, committed 90240K, reserved 1128448K
  class space    used 10265K, capacity 12156K, committed 12160K, reserved 1048576K
Event: 2105.833 GC heap after
Heap after GC invocations=31 (full 9):
 PSYoungGen      total 131072K, used 2919K [0x00000000f5580000, 0x00000000ff700000, 0x0000000100000000)
  eden space 105984K, 0% used [0x00000000f5580000,0x00000000f5580000,0x00000000fbd00000)
  from space 25088K, 11% used [0x00000000fde80000,0x00000000fe159ce0,0x00000000ff700000)
  to   space 29696K, 0% used [0x00000000fbd00000,0x00000000fbd00000,0x00000000fda00000)
 ParOldGen       total 86016K, used 43322K [0x00000000e0000000, 0x00000000e5400000, 0x00000000f5580000)
  object space 86016K, 50% used [0x00000000e0000000,0x00000000e2a4e8e0,0x00000000e5400000)
 Metaspace       used 83898K, capacity 89980K, committed 90240K, reserved 1128448K
  class space    used 10265K, capacity 12156K, committed 12160K, reserved 1048576K
}
Event: 2177.774 GC heap before
{Heap before GC invocations=32 (full 9):
 PSYoungGen      total 131072K, used 11813K [0x00000000f5580000, 0x00000000ff700000, 0x0000000100000000)
  eden space 105984K, 8% used [0x00000000f5580000,0x00000000f5e2f8a0,0x00000000fbd00000)
  from space 25088K, 11% used [0x00000000fde80000,0x00000000fe159ce0,0x00000000ff700000)
  to   space 29696K, 0% used [0x00000000fbd00000,0x00000000fbd00000,0x00000000fda00000)
 ParOldGen       total 86016K, used 43322K [0x00000000e0000000, 0x00000000e5400000, 0x00000000f5580000)
  object space 86016K, 50% used [0x00000000e0000000,0x00000000e2a4e8e0,0x00000000e5400000)
 Metaspace       used 83926K, capacity 89980K, committed 90240K, reserved 1128448K
  class space    used 10265K, capacity 12156K, committed 12160K, reserved 1048576K
Event: 2177.778 GC heap after
Heap after GC invocations=32 (full 9):
 PSYoungGen      total 107520K, used 1395K [0x00000000f5580000, 0x00000000ff500000, 0x0000000100000000)
  eden space 105984K, 0% used [0x00000000f5580000,0x00000000f5580000,0x00000000fbd00000)
  from space 1536K, 90% used [0x00000000fbd00000,0x00000000fbe5ceb0,0x00000000fbe80000)
  to   space 28672K, 0% used [0x00000000fd900000,0x00000000fd900000,0x00000000ff500000)
 ParOldGen       total 86016K, used 43322K [0x00000000e0000000, 0x00000000e5400000, 0x00000000f5580000)
  object space 86016K, 50% used [0x00000000e0000000,0x00000000e2a4e8e0,0x00000000e5400000)
 Metaspace       used 83926K, capacity 89980K, committed 90240K, reserved 1128448K
  class space    used 10265K, capacity 12156K, committed 12160K, reserved 1048576K
}
Event: 2177.778 GC heap before
{Heap before GC invocations=33 (full 10):
 PSYoungGen      total 107520K, used 1395K [0x00000000f5580000, 0x00000000ff500000, 0x0000000100000000)
  eden space 105984K, 0% used [0x00000000f5580000,0x00000000f5580000,0x00000000fbd00000)
  from space 1536K, 90% used [0x00000000fbd00000,0x00000000fbe5ceb0,0x00000000fbe80000)
  to   space 28672K, 0% used [0x00000000fd900000,0x00000000fd900000,0x00000000ff500000)
 ParOldGen       total 86016K, used 43322K [0x00000000e0000000, 0x00000000e5400000, 0x00000000f5580000)
  object space 86016K, 50% used [0x00000000e0000000,0x00000000e2a4e8e0,0x00000000e5400000)
 Metaspace       used 83926K, capacity 89980K, committed 90240K, reserved 1128448K
  class space    used 10265K, capacity 12156K, committed 12160K, reserved 1048576K
Event: 2178.118 GC heap after
Heap after GC invocations=33 (full 10):
 PSYoungGen      total 107520K, used 0K [0x00000000f5580000, 0x00000000ff500000, 0x0000000100000000)
  eden space 105984K, 0% used [0x00000000f5580000,0x00000000f5580000,0x00000000fbd00000)
  from space 1536K, 0% used [0x00000000fbd00000,0x00000000fbd00000,0x00000000fbe80000)
  to   space 28672K, 0% used [0x00000000fd900000,0x00000000fd900000,0x00000000ff500000)
 ParOldGen       total 86016K, used 39716K [0x00000000e0000000, 0x00000000e5400000, 0x00000000f5580000)
  object space 86016K, 46% used [0x00000000e0000000,0x00000000e26c90b8,0x00000000e5400000)
 Metaspace       used 83893K, capacity 89926K, committed 90240K, reserved 1128448K
  class space    used 10260K, capacity 12147K, committed 12160K, reserved 1048576K
}

Deoptimization events (10 events):
Event: 2185.773 Thread 0x0000000002568000 Uncommon trap: reason=unreached action=reinterpret pc=0x0000000003ad241c method=org.eclipse.e4.ui.internal.workbench.swt.PartRenderingEngine.someAreVisible(Ljava/util/List;)Z @ 41
Event: 2185.792 Thread 0x0000000002568000 Uncommon trap: reason=unreached action=reinterpret pc=0x0000000004d0c330 method=org.eclipse.emf.ecore.impl.MinimalEObjectImpl.setField(ILjava/lang/Object;)V @ 9
Event: 2185.792 Thread 0x0000000002568000 Uncommon trap: reason=unreached action=reinterpret pc=0x0000000004c8ef08 method=org.eclipse.emf.ecore.impl.MinimalEObjectImpl.setField(ILjava/lang/Object;)V @ 9
Event: 2185.832 Thread 0x0000000002568000 Uncommon trap: reason=class_check action=maybe_recompile pc=0x0000000004f32168 method=org.eclipse.e4.core.internal.contexts.TrackableComputationExt.update(Lorg/eclipse/e4/core/internal/contexts/ContextChangeEvent;)Z @ 62
Event: 2185.833 Thread 0x0000000002568000 Uncommon trap: reason=class_check action=maybe_recompile pc=0x0000000004f32168 method=org.eclipse.e4.core.internal.contexts.TrackableComputationExt.update(Lorg/eclipse/e4/core/internal/contexts/ContextChangeEvent;)Z @ 62
Event: 2185.833 Thread 0x0000000002568000 Uncommon trap: reason=class_check action=maybe_recompile pc=0x0000000004f32168 method=org.eclipse.e4.core.internal.contexts.TrackableComputationExt.update(Lorg/eclipse/e4/core/internal/contexts/ContextChangeEvent;)Z @ 62
Event: 2186.497 Thread 0x00000000172cb800 Uncommon trap: reason=class_check action=maybe_recompile pc=0x0000000004d8ec88 method=org.eclipse.swt.widgets.Display.syncExec(Ljava/lang/Runnable;)V @ 64
Event: 2186.501 Thread 0x0000000002568000 Uncommon trap: reason=predicate action=maybe_recompile pc=0x0000000003f37c0c method=java.util.concurrent.CopyOnWriteArrayList.indexOf(Ljava/lang/Object;[Ljava/lang/Object;II)I @ 41
Event: 2186.502 Thread 0x0000000002568000 Uncommon trap: reason=null_check action=make_not_entrant pc=0x0000000002a0d3c4 method=org.eclipse.core.runtime.internal.adaptor.EclipseLazyStarter.shouldActivateFor(Ljava/lang/String;Lorg/eclipse/osgi/baseadaptor/BaseData;Lorg/eclipse/core/runtime/internal’∞>ÁU°@
Event: 2187.168 Thread 0x00000000172cb800 Uncommon trap: reason=unreached action=reinterpret pc=0x00000000046be398 method=org.eclipse.core.internal.jobs.JobManager.nextJob()Lorg/eclipse/core/runtime/jobs/Job; @ 80

Internal exceptions (10 events):
Event: 2183.630 Thread 0x00000000172bf800 Exception <a 'java/net/SocketException': Socket closed> (0x00000000f5948c50) thrown at [D:\re\workspace\8-2-build-windows-amd64-cygwin\jdk8u25\1677\hotspot\src\share\vm\prims\jni.cpp, line 742]
Event: 2183.630 Thread 0x000000001acef000 Exception <a 'java/lang/InterruptedException'> (0x00000000f5966328) thrown at [D:\re\workspace\8-2-build-windows-amd64-cygwin\jdk8u25\1677\hotspot\src\share\vm\runtime\objectMonitor.cpp, line 1682]
Event: 2185.275 Thread 0x0000000002568000 Implicit null exception at 0x0000000002d61645 to 0x0000000002d61bc1
Event: 2185.566 Thread 0x0000000002568000 Implicit null exception at 0x0000000003bfb9c9 to 0x0000000003bfbd1d
Event: 2185.994 Thread 0x00000000172c0800 Exception <a 'java/lang/InterruptedException'> (0x00000000f6ce1150) thrown at [D:\re\workspace\8-2-build-windows-amd64-cygwin\jdk8u25\1677\hotspot\src\share\vm\runtime\objectMonitor.cpp, line 1682]
Event: 2186.502 Thread 0x0000000002568000 Implicit null exception at 0x0000000002a0bea3 to 0x0000000002a0d3b9
Event: 2187.185 Thread 0x00000000168fd000 Exception <a 'java/lang/InterruptedException': sleep interrupted> (0x00000000f7016c98) thrown at [D:\re\workspace\8-2-build-windows-amd64-cygwin\jdk8u25\1677\hotspot\src\share\vm\prims\jvm.cpp, line 3141]
Event: 2187.188 Thread 0x00000000172c8000 Exception <a 'java/lang/InterruptedException'> (0x00000000f6f0c3a8) thrown at [D:\re\workspace\8-2-build-windows-amd64-cygwin\jdk8u25\1677\hotspot\src\share\vm\runtime\objectMonitor.cpp, line 1682]
Event: 2187.189 Thread 0x0000000016754800 Exception <a 'java/lang/InterruptedException'> (0x00000000f709b400) thrown at [D:\re\workspace\8-2-build-windows-amd64-cygwin\jdk8u25\1677\hotspot\src\share\vm\runtime\objectMonitor.cpp, line 1682]
Event: 2187.408 Thread 0x00000000166d2800 Exception <a 'java/lang/InterruptedException'> (0x00000000f7015388) thrown at [D:\re\workspace\8-2-build-windows-amd64-cygwin\jdk8u25\1677\hotspot\src\share\vm\runtime\objectMonitor.cpp, line 1682]

Events (10 events):
Event: 2187.409 loading class java/util/IdentityHashMap$IdentityHashMapIterator
Event: 2187.409 loading class java/util/IdentityHashMap$IdentityHashMapIterator done
Event: 2187.409 loading class java/util/IdentityHashMap$KeyIterator done
Event: 2187.409 Thread 0x00000000172c8000 Thread added: 0x00000000172c8000
Event: 2187.410 Executing VM operation: RevokeBias
Event: 2187.410 Executing VM operation: RevokeBias done
Event: 2187.410 Executing VM operation: RevokeBias
Event: 2187.410 Executing VM operation: RevokeBias done
Event: 2187.410 Thread 0x00000000172c8000 Thread exited: 0x00000000172c8000
Event: 2187.410 Executing VM operation: Exit


Dynamic libraries:
0x0000000000400000 - 0x000000000044f000 	C:\Xilinx\SDK\2015.1\eclipse\win64.o\eclipse.exe
0x0000000077b20000 - 0x0000000077cca000 	C:\Windows\SYSTEM32\ntdll.dll
0x0000000077880000 - 0x000000007799f000 	C:\Windows\system32\kernel32.dll
0x000007fefdb10000 - 0x000007fefdb7b000 	C:\Windows\system32\KERNELBASE.dll
0x0000000077a20000 - 0x0000000077b1a000 	C:\Windows\system32\USER32.dll
0x000007feff7e0000 - 0x000007feff847000 	C:\Windows\system32\GDI32.dll
0x000007feffd30000 - 0x000007feffd3e000 	C:\Windows\system32\LPK.dll
0x000007feff590000 - 0x000007feff65a000 	C:\Windows\system32\USP10.dll
0x000007feff4f0000 - 0x000007feff58f000 	C:\Windows\system32\msvcrt.dll
0x000007fefc330000 - 0x000007fefc524000 	C:\Windows\WinSxS\amd64_microsoft.windows.common-controls_6595b64144ccf1df_6.0.7601.18837_none_fa3b1e3d17594757\COMCTL32.dll
0x000007fefec50000 - 0x000007fefecc1000 	C:\Windows\system32\SHLWAPI.dll
0x000007feffd40000 - 0x000007feffd6e000 	C:\Windows\system32\IMM32.DLL
0x000007feff3e0000 - 0x000007feff4e9000 	C:\Windows\system32\MSCTF.dll
0x0000000072000000 - 0x0000000072012000 	C:\Xilinx\SDK\2015.1\eclipse\win64.o\plugins\org.eclipse.equinox.launcher.win32.win32.x86_64_1.1.200.v20140116-2212\eclipse_1503.dll
0x000007feff950000 - 0x000007feffa2b000 	C:\Windows\system32\ADVAPI32.dll
0x000007feff3c0000 - 0x000007feff3df000 	C:\Windows\SYSTEM32\sechost.dll
0x000007feff660000 - 0x000007feff78d000 	C:\Windows\system32\RPCRT4.dll
0x000007fefca10000 - 0x000007fefca1c000 	C:\Windows\system32\VERSION.dll
0x000007fefc150000 - 0x000007fefc1a6000 	C:\Windows\system32\uxtheme.dll
0x0000000070320000 - 0x0000000070b7a000 	C:\Xilinx\SDK\2015.1\tps\win64\jre\bin\server\jvm.dll
0x000007fefb000000 - 0x000007fefb009000 	C:\Windows\system32\WSOCK32.dll
0x000007feff790000 - 0x000007feff7dd000 	C:\Windows\system32\WS2_32.dll
0x000007feffd20000 - 0x000007feffd28000 	C:\Windows\system32\NSI.dll
0x000007fefb810000 - 0x000007fefb84b000 	C:\Windows\system32\WINMM.dll
0x0000000077ce0000 - 0x0000000077ce7000 	C:\Windows\system32\PSAPI.DLL
0x0000000071d90000 - 0x0000000071e62000 	C:\Windows\system32\MSVCR100.dll
0x00000000525a0000 - 0x00000000525af000 	C:\Xilinx\SDK\2015.1\tps\win64\jre\bin\verify.dll
0x000000006c830000 - 0x000000006c858000 	C:\Xilinx\SDK\2015.1\tps\win64\jre\bin\java.dll
0x000000006fec0000 - 0x000000006fed6000 	C:\Xilinx\SDK\2015.1\tps\win64\jre\bin\zip.dll
0x000007fefdce0000 - 0x000007fefea6a000 	C:\Windows\system32\SHELL32.dll
0x000007feffb10000 - 0x000007feffd13000 	C:\Windows\system32\ole32.dll
0x000007fefd930000 - 0x000007fefd93f000 	C:\Windows\system32\profapi.dll
0x000007fefd160000 - 0x000007fefd178000 	C:\Windows\system32\CRYPTSP.dll
0x000007fefce60000 - 0x000007fefcea7000 	C:\Windows\system32\rsaenh.dll
0x000007fefd940000 - 0x000007fefd95e000 	C:\Windows\system32\USERENV.dll
0x000007fefd7c0000 - 0x000007fefd7cf000 	C:\Windows\system32\CRYPTBASE.dll
0x000000006f9e0000 - 0x000000006f9fa000 	C:\Xilinx\SDK\2015.1\tps\win64\jre\bin\net.dll
0x000007fefd100000 - 0x000007fefd155000 	C:\Windows\system32\mswsock.dll
0x000007fefd0f0000 - 0x000007fefd0f7000 	C:\Windows\System32\wship6.dll
0x000007fefaae0000 - 0x000007fefab07000 	C:\Windows\system32\IPHLPAPI.DLL
0x000007fefaad0000 - 0x000007fefaadb000 	C:\Windows\system32\WINNSI.DLL
0x000007fefa900000 - 0x000007fefa918000 	C:\Windows\system32\dhcpcsvc.DLL
0x000007fefa8e0000 - 0x000007fefa8f1000 	C:\Windows\system32\dhcpcsvc6.DLL
0x000000006f4d0000 - 0x000000006f4e1000 	C:\Xilinx\SDK\2015.1\tps\win64\jre\bin\nio.dll
0x000007fefb4e0000 - 0x000007fefb4f5000 	C:\Windows\system32\NLAapi.dll
0x000007fef73c0000 - 0x000007fef73d5000 	C:\Windows\system32\napinsp.dll
0x000007fef73a0000 - 0x000007fef73b9000 	C:\Windows\system32\pnrpnsp.dll
0x000007fefcf80000 - 0x000007fefcfdb000 	C:\Windows\system32\DNSAPI.dll
0x000007fef7390000 - 0x000007fef739b000 	C:\Windows\System32\winrnr.dll
0x000007fef7380000 - 0x000007fef7390000 	C:\Windows\system32\wshbth.dll
0x000007fefcae0000 - 0x000007fefcae7000 	C:\Windows\System32\wshtcpip.dll
0x000007fef7480000 - 0x000007fef7488000 	C:\Windows\system32\rasadhlp.dll
0x000007fefa860000 - 0x000007fefa8b3000 	C:\Windows\System32\fwpuclnt.dll
0x0000000018530000 - 0x00000000185d8000 	C:\Users\Tambara\.Xilinx\SDK\2015.1\org.eclipse.osgi\bundles\288\1\.cp\swt-win32-4335.dll
0x000007feffa30000 - 0x000007feffb08000 	C:\Windows\system32\OLEAUT32.dll
0x000007feff8b0000 - 0x000007feff947000 	C:\Windows\system32\comdlg32.dll
0x000007fef9a30000 - 0x000007fef9aa1000 	C:\Windows\system32\WINSPOOL.DRV
0x000007fefecd0000 - 0x000007fefef53000 	C:\Windows\system32\WININET.dll
0x000007fefdba0000 - 0x000007fefdba4000 	C:\Windows\system32\api-ms-win-downlevel-user32-l1-1-0.dll
0x000007fefdaf0000 - 0x000007fefdaf4000 	C:\Windows\system32\api-ms-win-downlevel-shlwapi-l1-1-0.dll
0x000007fefdb80000 - 0x000007fefdb84000 	C:\Windows\system32\api-ms-win-downlevel-version-l1-1-0.dll
0x000007fefdbb0000 - 0x000007fefdbb3000 	C:\Windows\system32\api-ms-win-downlevel-normaliz-l1-1-0.dll
0x0000000077cf0000 - 0x0000000077cf3000 	C:\Windows\system32\normaliz.DLL
0x000007fefef60000 - 0x000007feff228000 	C:\Windows\system32\iertutil.dll
0x000007fefdb00000 - 0x000007fefdb05000 	C:\Windows\system32\api-ms-win-downlevel-advapi32-l1-1-0.dll
0x000007fefd980000 - 0x000007fefdaed000 	C:\Windows\system32\CRYPT32.dll
0x000007fefd920000 - 0x000007fefd92f000 	C:\Windows\system32\MSASN1.dll
0x000007fefbb00000 - 0x000007fefbb18000 	C:\Windows\system32\dwmapi.dll
0x000007fefc1b0000 - 0x000007fefc2dc000 	C:\Windows\system32\propsys.dll
0x000007feffd70000 - 0x000007feffe09000 	C:\Windows\system32\CLBCatQ.DLL
0x00000000003c0000 - 0x00000000003de000 	C:\Users\Tambara\.Xilinx\SDK\2015.1\org.eclipse.osgi\bundles\288\1\.cp\swt-gdip-win32-4335.dll
0x000007fefbf30000 - 0x000007fefc146000 	C:\Windows\WinSxS\amd64_microsoft.windows.gdiplus_6595b64144ccf1df_1.1.7601.19061_none_2b299db671e86e03\gdiplus.dll
0x000007fefb900000 - 0x000007fefba61000 	C:\Windows\system32\WindowsCodecs.dll
0x000007fef04b0000 - 0x000007fef04c1000 	C:\Users\Tambara\.Xilinx\SDK\2015.1\org.eclipse.osgi\bundles\117\1\.cp\jWinHttp-1.0.0.dll
0x000007fef8f00000 - 0x000007fef8f71000 	C:\Windows\system32\WINHTTP.dll
0x000007fef8e90000 - 0x000007fef8ef4000 	C:\Windows\system32\webio.dll
0x000007fefd730000 - 0x000007fefd755000 	C:\Windows\system32\SspiCli.dll
0x000007fefcd30000 - 0x000007fefcd3a000 	C:\Windows\system32\credssp.dll
0x000007fefdc00000 - 0x000007fefdc36000 	C:\Windows\system32\CFGMGR32.dll
0x000007fefaf20000 - 0x000007fefaf74000 	C:\Windows\system32\oleacc.dll
0x000007fef6820000 - 0x000007fef685b000 	C:\Windows\system32\mlang.dll
0x000007fefd870000 - 0x000007fefd884000 	C:\Windows\system32\RpcRtRemote.dll
0x000007fefd760000 - 0x000007fefd7b7000 	C:\Windows\system32\apphelp.dll
0x0000000180000000 - 0x0000000180012000 	C:\Users\Tambara\.Xilinx\SDK\2015.1\org.eclipse.osgi\bundles\114\1\.cp\os\win32\x86_64\localfile_1_0_0.dll
0x000007fee1430000 - 0x000007fee2226000 	C:\Windows\System32\ieframe.dll
0x000007fefaf10000 - 0x000007fefaf14000 	C:\Windows\System32\api-ms-win-downlevel-shell32-l1-1-0.dll
0x000007fef59a0000 - 0x000007fef59a4000 	C:\Windows\system32\api-ms-win-downlevel-shlwapi-l2-1-0.dll
0x000007feff230000 - 0x000007feff3b5000 	C:\Windows\system32\urlmon.dll
0x000007fefdb90000 - 0x000007fefdb94000 	C:\Windows\system32\api-ms-win-downlevel-ole32-l1-1-0.dll
0x000007fefd7d0000 - 0x000007fefd861000 	C:\Windows\system32\SXS.DLL
0x000007febedc0000 - 0x000007fec0668000 	C:\Windows\System32\mshtml.dll
0x000007fefa9b0000 - 0x000007fefa9b4000 	C:\Windows\system32\api-ms-win-downlevel-advapi32-l2-1-0.dll
0x000007fefd580000 - 0x000007fefd58b000 	C:\Windows\system32\Secur32.dll
0x000007fef0520000 - 0x000007fef052e000 	C:\Windows\system32\msimtf.dll
0x000007fefbd00000 - 0x000007fefbd4b000 	C:\Windows\system32\MMDevAPI.DLL
0x000007fefb500000 - 0x000007fefb53b000 	C:\Windows\system32\wdmaud.drv
0x0000000074160000 - 0x0000000074166000 	C:\Windows\system32\ksuser.dll
0x000007fefbcf0000 - 0x000007fefbcf9000 	C:\Windows\system32\AVRT.dll
0x000007fefea70000 - 0x000007fefec47000 	C:\Windows\system32\SETUPAPI.dll
0x000007fefd960000 - 0x000007fefd97a000 	C:\Windows\system32\DEVOBJ.dll
0x000007fefbd50000 - 0x000007fefbd7d000 	C:\Windows\system32\ntmarta.dll
0x000007feff850000 - 0x000007feff8a2000 	C:\Windows\system32\WLDAP32.dll
0x000007fefb100000 - 0x000007fefb14f000 	C:\Windows\system32\AUDIOSES.DLL
0x000007fec1b50000 - 0x000007fec1f14000 	C:\Windows\system32\d2d1.dll
0x000007fefb0f0000 - 0x000007fefb0fa000 	C:\Windows\system32\msacm32.drv
0x000007fefb0d0000 - 0x000007fefb0e8000 	C:\Windows\system32\MSACM32.dll
0x000007fee4450000 - 0x000007fee45e7000 	C:\Windows\system32\DWrite.dll
0x000007fef3c60000 - 0x000007fef3cbd000 	C:\Windows\system32\dxgi.dll
0x000007fefb0c0000 - 0x000007fefb0c9000 	C:\Windows\system32\midimap.dll
0x000007fefdbc0000 - 0x000007fefdbfb000 	C:\Windows\system32\WINTRUST.dll
0x000007fef1de0000 - 0x000007fef1fb5000 	C:\Windows\system32\d3d11.dll
0x000007fef0560000 - 0x000007fef061a000 	C:\Windows\system32\uiautomationcore.dll
0x000007fec1580000 - 0x000007fec1b4f000 	C:\Windows\System32\jscript9.dll
0x000007fef54d0000 - 0x000007fef54e0000 	C:\Xilinx\SDK\2015.1\lib\win64.o\librdi_repo_manager.dll
0x000007fee3ee0000 - 0x000007fee3f0a000 	C:\Xilinx\SDK\2015.1\lib\win64.o\libisl_sysinfo.dll
0x000007feee260000 - 0x000007feee334000 	C:\Windows\system32\MSVCR110.dll
0x000007feee6f0000 - 0x000007feee797000 	C:\Windows\system32\MSVCP110.dll
0x000007fec0c30000 - 0x000007fec1574000 	C:\Xilinx\SDK\2015.1\lib\win64.o\librdi_common.dll
0x000007fec0980000 - 0x000007fec0c28000 	C:\Xilinx\SDK\2015.1\lib\win64.o\libCOIN-all.dll
0x000007fec0760000 - 0x000007fec0980000 	C:\Xilinx\SDK\2015.1\lib\win64.o\libXil_lmgr11.dll
0x000007fefb330000 - 0x000007fefb346000 	C:\Windows\system32\NETAPI32.dll
0x000007fefb320000 - 0x000007fefb32c000 	C:\Windows\system32\netutils.dll
0x000007fefd400000 - 0x000007fefd423000 	C:\Windows\system32\srvcli.dll
0x000007fefb300000 - 0x000007fefb315000 	C:\Windows\system32\wkscli.dll
0x000007fef02a0000 - 0x000007fef02b0000 	C:\Xilinx\SDK\2015.1\lib\win64.o\libboost_date_time.dll
0x000007fee0840000 - 0x000007fee0862000 	C:\Xilinx\SDK\2015.1\lib\win64.o\libboost_filesystem.dll
0x000007fef0290000 - 0x000007fef0299000 	C:\Xilinx\SDK\2015.1\lib\win64.o\libboost_system.dll
0x000007fec06e0000 - 0x000007fec0754000 	C:\Xilinx\SDK\2015.1\lib\win64.o\libboost_program_options.dll

VM Arguments:
jvm_args: -Dcom.xilinx.sdk.args.hwspec=C:/Users/Tambara/Desktop/zynq_scrubbing/sem/sem_0_example/sem_0_example.sdk/ps_0_wrapper.hdf -Xms64m -Xmx512m & 
java_command: <unknown>
java_class_path (initial): C:\Xilinx\SDK\2015.1\eclipse\win64.o\\plugins/org.eclipse.equinox.launcher_1.3.0.v20130327-1440.jar
Launcher Type: generic

Environment Variables:
PATH=C:/Xilinx/SDK/2015.1/tps/win64/jre/bin/server;C:/Xilinx/SDK/2015.1/tps/win64/jre/bin;C:/Xilinx/SDK/2015.1/tps/win64/jre/lib/amd64;\C:\Xilinx\SDK\2015.1\tps\win64\jre\bin;C:\Xilinx\SDK\2015.1\tps\win64\jre\bin;C:\Xilinx\SDK\2015.1\gnuwin\bin;C:\Xilinx\SDK\2015.1\bin;C:\Xilinx\SDK\2015.1\gnu\microblaze\nt\bin;C:\Xilinx\SDK\2015.1\gnu\microblaze\linux_toolchain\nt64_le\bin;C:\Xilinx\SDK\2015.1\gnu\microblaze\linux_toolchain\nt64_be\bin;C:\Xilinx\SDK\2015.1\gnu\arm\nt\bin;C:\Xilinx\SDK\2015.1\gnu\aarch64\nt\aarch64-none\bin;C:\Xilinx\SDK\2015.1\gnu\aarch64\nt\aarch64-linux\bin;C:\Xilinx\SDK\2015.1\gnu\armr5\nt\gcc-arm-none-eabi\bin;;C:/Xilinx/SDK/2015.1/bin;C:/Xilinx/SDK/2015.1/lib/win64.o;C:/Xilinx/SDK/2015.1/tps/win64/jre/bin/server;C:/Xilinx/SDK/2015.1/tps/win64/jre/bin;C:/Xilinx/SDK/2015.1/bin;C:/Xilinx/SDK/2015.1/bin;C:/Xilinx/Vivado/2015.1/ids_lite/ISE/bin/nt64;C:/Xilinx/Vivado/2015.1/ids_lite/ISE/lib/nt64;C:/Xilinx/Vivado/2015.1/bin;C:/Xilinx/Vivado/2015.1/lib/win64.o;C:/Xilinx/Vivado/2015.1/tps/win64/jre/bin/server;C:/Xilinx/Vivado/2015.1/tps/win64/jre/bin;C:/Xilinx/SDK/2015.1/bin;C:/Xilinx/Vivado/2015.1/ids_lite/ISE/bin/nt64;C:/Xilinx/Vivado/2015.1/ids_lite/ISE/lib/nt64;C:/Xilinx/Vivado_HLS/2015.1/bin;C:\ProgramData\Oracle\Java\javapath;C:\Program Files (x86)\AMD APP\bin\x86_64;C:\Program Files (x86)\AMD APP\bin\x86;C:\Windows\system32;C:\Windows;C:\Windows\System32\Wbem;C:\Windows\System32\WindowsPowerShell\v1.0\;C:\Program Files\Intel\WiFi\bin\;C:\Program Files\Common Files\Intel\WirelessCommon\;C:\Program Files (x86)\Intel\OpenCL SDK\2.0\bin\x86;C:\Program Files (x86)\Intel\OpenCL SDK\2.0\bin\x64;C:\Program Files (x86)\ATI Technologies\ATI.ACE\Core-Static;C:\Program Files (x86)\Skype\Phone\;C:\Program Files\TortoiseSVN\bin;C:\Program Files\Intel\WiFi\bin\;C:\Program Files\Common Files\Intel\WirelessCommon\;C:\Users\Tambara\Desktop\zynq_scrubbing\sem\sem_0_example;
USERNAME=Tambara
OS=Windows_NT
PROCESSOR_IDENTIFIER=Intel64 Family 6 Model 58 Stepping 9, GenuineIntel



---------------  S Y S T E M  ---------------

OS: Windows 7 , 64 bit Build 7601 Service Pack 1

CPU:total 4 (2 cores per cpu, 2 threads per core) family 6 model 58 stepping 9, cmov, cx8, fxsr, mmx, sse, sse2, sse3, ssse3, sse4.1, sse4.2, popcnt, avx, aes, clmul, erms, ht, tsc, tscinvbit, tscinv

Memory: 4k page, physical 16661232k(12035148k free), swap 16864200k(12020116k free)

vm_info: Java HotSpot(TM) 64-Bit Server VM (25.25-b02) for windows-amd64 JRE (1.8.0_25-b18), built on Oct  7 2014 14:25:37 by "java_re" with MS VC++ 10.0 (VS2010)

time: Wed May 11 17:21:34 2016
elapsed time: 2187 seconds (0d 0h 36m 27s)

