#-----------------------------------------------------------
# Vivado v2015.1 (64-bit)
# SW Build 1215546 on Mon Apr 27 19:22:08 MDT 2015
# IP Build 1209967 on Tue Apr 21 11:39:20 MDT 2015
# Start of session at: Wed May 11 19:02:08 2016
# Process ID: 6064
# Log file: C:/Users/Tambara/Desktop/zynq_scrubbing/sem_v1/sem_0_example/vivado.log
# Journal file: C:/Users/Tambara/Desktop/zynq_scrubbing/sem_v1/sem_0_example\vivado.jou
#-----------------------------------------------------------
start_gui
open_project C:/Users/Tambara/Desktop/zynq_scrubbing/sem_v1/sem_0_example/sem_0_example.xpr
INFO: [Project 1-313] Project file moved from 'C:/Users/Tambara/Desktop/zynq_scrubbing/sem/sem_0_example' since last save.
Scanning sources...
Finished scanning sources
INFO: [IP_Flow 19-234] Refreshing IP repositories
INFO: [IP_Flow 19-1704] No user IP repositories specified
INFO: [IP_Flow 19-2313] Loaded Vivado IP repository 'C:/Xilinx/Vivado/2015.1/data/ip'.
open_project: Time (s): cpu = 00:00:24 ; elapsed = 00:00:12 . Memory (MB): peak = 770.703 ; gain = 204.328
exit
INFO: [Common 17-206] Exiting Vivado at Wed May 11 19:05:18 2016...
