iMPACT Version: Mar 26 2013 19:16:12

iMPACT log file Started on Fri Mar 18 13:14:42 2016

Preference Table
Name                 Setting             
StartupClock         Auto_Correction     
AutoSignature        False               
KeepSVF              False               
ConcurrentMode       False               
UseHighz             False               
ConfigOnFailure      Stop                
UserLevel            Novice              
MessageLevel         Detailed            
svfUseTime           false               
SpiByteSwap          Auto_Correction     
AutoInfer            false               
SvfPlayDisplayComments false               
INFO:iMPACT:501 - '1': Added Device UNKNOWN successfully.
----------------------------------------------------------------------
INFO:iMPACT:1777 - 
   Reading C:/Xilinx/14.5/ISE_DS/ISE/zynq/data/zynq7000_arm_dap.bsd...
INFO:iMPACT:1777 - 
   Reading C:/Xilinx/14.5/ISE_DS/ISE/zynq/data/zynq7000_arm_dap.bsd...
----------------------------------------------------------------------
INFO:iMPACT:1777 - 
   Reading C:/Xilinx/14.5/ISE_DS/ISE/zynq/data/xc7z020.bsd...
INFO:iMPACT - Using CseAdapterBSDevice
INFO:iMPACT:501 - '2': Added Device xc7z020 successfully.
----------------------------------------------------------------------
----------------------------------------------------------------------
INFO:iMPACT - Digilent Plugin: Plugin Version: 2.4.4
INFO:iMPACT - Digilent Plugin: Opening device : "SN:210248470133".
INFO:iMPACT - Digilent Plugin: User Name: Zed
INFO:iMPACT - Digilent Plugin: Product Name: Digilent Zed
INFO:iMPACT - Digilent Plugin: Serial Number: 210248470133
INFO:iMPACT - Digilent Plugin: Product ID: 00E00153
INFO:iMPACT - Digilent Plugin: Firmware Version: 010A
INFO:iMPACT - Digilent Plugin: JTAG Port Number: 0
INFO:iMPACT - Digilent Plugin: JTAG Clock Frequency: 10000000 Hz
'2': Loading file 'design_1_wrapper.bit' ...
done.
INFO:iMPACT - Using CseAdapterBSDevice
INFO:iMPACT:2257 - Startup Clock has been changed to 'JtagClk' in the bitstream   stored in memory,
   but the original bitstream file remains unchanged.
UserID read from the bitstream file = 0XFFFFFFFF.
----------------------------------------------------------------------
INFO:iMPACT:501 - '2': Added Device xc7z020 successfully.
----------------------------------------------------------------------
----------------------------------------------------------------------
Maximum TCK operating frequency for this device chain: 20000000.
Validating chain...
Boundary-scan chain validated successfully.
2: Device Temperature: Current Reading:   47.91 C, Min. Reading:   43.48 C, Max.Reading:   48.41 C
2: VCCINT Supply: Current Reading:   0.990 V, Min. Reading:   0.990 V, Max.Reading:   0.996 V
2: VCCAUX Supply: Current Reading:   1.805 V, Min. Reading:   1.802 V, Max.Reading:   1.808 V
INFO:iMPACT - Creating XC7Z020 device.
'2': Verifying  device...INFO:Cse - Complete word count is 32349088/32=1010909'.
Creating file c:/users/filipe/aes_interrupt/impact.bin andc:/users/filipe/aes_interrupt/impact.rbd.
INFO:Cse - Readback Size is 32349088.
done.
'2': Verification completed successfully.
 Match_cycle = NoWait.
Match cycle: NoWait
 LCK_cycle = NoWait.
LCK cycle: NoWait
Elapsed time =      9 sec.
----------------------------------------------------------------------
----------------------------------------------------------------------
