iMPACT Version: Mar 26 2013 19:16:12

iMPACT log file Started on Mon Jul 18 12:17:39 2016

Preference Table
Name                 Setting             
StartupClock         Auto_Correction     
AutoSignature        False               
KeepSVF              False               
ConcurrentMode       False               
UseHighz             False               
ConfigOnFailure      Stop                
UserLevel            Novice              
MessageLevel         Detailed            
svfUseTime           false               
SpiByteSwap          Auto_Correction     
AutoInfer            false               
SvfPlayDisplayComments false               
INFO:iMPACT:501 - '1': Added Device UNKNOWN successfully.
----------------------------------------------------------------------
INFO:iMPACT:1777 - 
   Reading C:/Xilinx/14.5/ISE_DS/ISE/zynq/data/zynq7000_arm_dap.bsd...
INFO:iMPACT:1777 - 
   Reading C:/Xilinx/14.5/ISE_DS/ISE/zynq/data/zynq7000_arm_dap.bsd...
----------------------------------------------------------------------
INFO:iMPACT:1777 - 
   Reading C:/Xilinx/14.5/ISE_DS/ISE/zynq/data/xc7z020.bsd...
INFO:iMPACT - Using CseAdapterBSDevice
INFO:iMPACT:501 - '2': Added Device xc7z020 successfully.
----------------------------------------------------------------------
----------------------------------------------------------------------
INFO:iMPACT - Digilent Plugin: Plugin Version: 2.4.4
INFO:iMPACT - Digilent Plugin: Opening device : "SN:210248470133".
ERROR:iMPACT - Digilent Plugin: failed to open device (DmgrOpenEx, erc = 3072).
----------------------------------------------------------------------
----------------------------------------------------------------------
