16:45:16 INFO  : Processing command line option -hwspec C:/Users/Tambara/Desktop/zynq_scrubbing/sem/sem_0_example/sem_0_example.sdk/ps_0_wrapper.hdf.
16:45:22 INFO  : Launching XSDB server: xsdb.bat -s C:/Xilinx/SDK/2015.1/scripts/xsdb/xsdb/xsdb-server.tcl 2450
16:45:24 INFO  : XSDB server has started successfully.
16:48:53 INFO  : Connected to target on host '127.0.0.1' and port '3121'.
16:48:53 INFO  : 'targets -set -filter {jtag_cable_name =~ "Digilent Zed 210248585259" && level==0} -index 1' command is executed.
16:48:56 INFO  : FPGA configured successfully with bitstream "C:/Users/Tambara/Desktop/zynq_scrubbing/sem/sem_0_example/sem_0_example.sdk/ps_0_wrapper_hw_platform_0/ps_0_wrapper.bit"
16:49:06 INFO  : ps7_init is completed.
16:49:06 INFO  : ps7_post_config is completed.
16:49:07 INFO  : Processor reset is completed for ps7_cortexa9_0
16:53:44 INFO  : Processor reset is completed for ps7_cortexa9_0
16:55:09 INFO  : Connected to target on host '127.0.0.1' and port '3121'.
16:55:09 INFO  : 'targets -set -filter {jtag_cable_name =~ "Digilent Zed 210248585259" && level==0} -index 1' command is executed.
16:55:12 INFO  : FPGA configured successfully with bitstream "C:/Users/Tambara/Desktop/zynq_scrubbing/sem/sem_0_example/sem_0_example.sdk/ps_0_wrapper_hw_platform_0/ps_0_wrapper.bit"
16:55:20 INFO  : Processor reset is completed for ps7_cortexa9_0
17:21:32 ERROR : Unexpected error while parsing XMD response ?: com.google.gson.JsonSyntaxException: com.google.gson.stream.MalformedJsonException: invalid number or unquoted string near 
11:18:25 INFO  : Launching XSDB server: xsdb.bat -s C:/Xilinx/SDK/2015.1/scripts/xsdb/xsdb/xsdb-server.tcl 2450
11:18:28 INFO  : XSDB server has started successfully.
11:22:59 INFO  : ps7_init is completed.
11:22:59 INFO  : ps7_post_config is completed.
11:23:00 INFO  : Processor reset is completed for ps7_cortexa9_0
12:08:52 INFO  : ps7_init is completed.
12:08:52 INFO  : ps7_post_config is completed.
12:08:53 INFO  : Processor reset is completed for ps7_cortexa9_0
12:19:11 ERROR : Unexpected error while parsing XMD response ?: com.google.gson.JsonSyntaxException: com.google.gson.stream.MalformedJsonException: invalid number or unquoted string near 
13:44:22 INFO  : Launching XSDB server: xsdb.bat -s C:/Xilinx/SDK/2015.1/scripts/xsdb/xsdb/xsdb-server.tcl 2450
13:44:24 INFO  : XSDB server has started successfully.
13:45:20 INFO  : ps7_init is completed.
13:45:20 INFO  : ps7_post_config is completed.
13:45:20 INFO  : Processor reset is completed for ps7_cortexa9_0
13:45:58 INFO  : Processor reset is completed for ps7_cortexa9_0
13:46:50 INFO  : ps7_init is completed.
13:46:50 INFO  : ps7_post_config is completed.
13:46:51 INFO  : Processor reset is completed for ps7_cortexa9_0
13:51:42 INFO  : Processor reset is completed for ps7_cortexa9_0
13:53:05 INFO  : Processor reset is completed for ps7_cortexa9_0
13:57:50 INFO  : Connected to target on host '127.0.0.1' and port '3121'.
13:57:50 INFO  : 'targets -set -filter {jtag_cable_name =~ "Digilent Zed 210248585259" && level==0} -index 1' command is executed.
13:57:53 INFO  : FPGA configured successfully with bitstream "C:/Users/Tambara/Desktop/zynq_scrubbing/sem_v1/sem_0_example/sem_0_example.sdk/ps_0_wrapper_hw_platform_0/ps_0_wrapper.bit"
13:58:00 INFO  : ps7_cortexa9_0 Processor is in use. Please stop existing Run or Debug sessions before launching.
13:58:03 INFO  : Processor reset is completed for ps7_cortexa9_0
14:07:25 ERROR : Unexpected error while parsing XMD response ?: com.google.gson.JsonSyntaxException: com.google.gson.stream.MalformedJsonException: invalid number or unquoted string near 
