#-----------------------------------------------------------
# Webtalk v2014.4 (64-bit)
# SW Build 1071353 on Tue Nov 18 18:29:27 MST 2014
# 
# Start of session at: Mon Mar 14 16:04:36 2016
# Process ID: 12804
# Log file: C:/designs/project_3/project_3.sdk/webtalk/webtalk.log
# Journal file: C:/designs/project_3/project_3.sdk/webtalk\webtalk.jou
#-----------------------------------------------------------
WARNING: [Common 17-204] Your XILINX environment variable is undefined. You will not be able to run Synthesis and Implementation using ISE based strategies, or import ngc netlists. Please set up your XILINX environment to get full functionality.
source sdk_webtalk.tcl
# webtalk_init -webtalk_dir C:\\designs\\project_3\\project_3.sdk\\webtalk
# webtalk_register_client -client project
# webtalk_add_data -client project -key date_generated -value "Seg mar 14 16:04:28 2016" -context "software_version_and_target_device"
# webtalk_add_data -client project -key product_version -value "SDK v2014.4" -context "software_version_and_target_device"
# webtalk_add_data -client project -key build_version -value "2014.4" -context "software_version_and_target_device"
# webtalk_add_data -client project -key os_platform -value "amd64" -context "software_version_and_target_device"
# webtalk_add_data -client project -key registration_id -value "174138381_174138382_210580151_041" -context "software_version_and_target_device"
# webtalk_add_data -client project -key tool_flow -value "SDK" -context "software_version_and_target_device"
# webtalk_add_data -client project -key beta -value "false" -context "software_version_and_target_device"
# webtalk_add_data -client project -key route_design -value "NA" -context "software_version_and_target_device"
# webtalk_add_data -client project -key target_family -value "NA" -context "software_version_and_target_device"
# webtalk_add_data -client project -key target_device -value "NA" -context "software_version_and_target_device"
# webtalk_add_data -client project -key target_package -value "NA" -context "software_version_and_target_device"
# webtalk_add_data -client project -key target_speed -value "NA" -context "software_version_and_target_device"
# webtalk_add_data -client project -key random_id -value "2ou36a3ahtupv7v2kbh7lo93c8" -context "software_version_and_target_device"
# webtalk_add_data -client project -key project_id -value "2014.4_36" -context "software_version_and_target_device"
# webtalk_add_data -client project -key project_iteration -value "36" -context "software_version_and_target_device"
# webtalk_add_data -client project -key os_name -value "Microsoft Windows 7 , 64-bit" -context "user_environment"
# webtalk_add_data -client project -key os_release -value "Service Pack 1  (build 7601)" -context "user_environment"
# webtalk_add_data -client project -key cpu_name -value "Intel(R) Core(TM)2 Quad CPU    Q8400  @ 2.66GHz" -context "user_environment"
# webtalk_add_data -client project -key cpu_speed -value "2666 MHz" -context "user_environment"
# webtalk_add_data -client project -key total_processors -value "1" -context "user_environment"
# webtalk_add_data -client project -key system_ram -value "4.000 GB" -context "user_environment"
# webtalk_register_client -client sdk
# webtalk_add_data -client sdk -key uid -value "1457975796801" -context "sdk\\\\bsp/1457975796801"
# webtalk_add_data -client sdk -key hwid -value "1442854376300" -context "sdk\\\\bsp/1457975796801"
# webtalk_add_data -client sdk -key os -value "standalone" -context "sdk\\\\bsp/1457975796801"
# webtalk_add_data -client sdk -key apptemplate -value "hello_world" -context "sdk\\\\bsp/1457975796801"
# webtalk_add_data -client sdk -key uid -value "1457975803086" -context "sdk\\\\application/1457975803086"
# webtalk_add_data -client sdk -key hwid -value "1442854376300" -context "sdk\\\\application/1457975803086"
# webtalk_add_data -client sdk -key bspid -value "1457975796801" -context "sdk\\\\application/1457975803086"
# webtalk_add_data -client sdk -key newbsp -value "true" -context "sdk\\\\application/1457975803086"
# webtalk_add_data -client sdk -key os -value "standalone" -context "sdk\\\\application/1457975803086"
# webtalk_add_data -client sdk -key apptemplate -value "hello_world" -context "sdk\\\\application/1457975803086"
# webtalk_transmit -clientid 2495907398 -regid "174138381_174138382_210580151_041" -xml C:\\designs\\project_3\\project_3.sdk\\webtalk\\usage_statistics_ext_sdk.xml -html C:\\designs\\project_3\\project_3.sdk\\webtalk\\usage_statistics_ext_sdk.html -wdm C:\\designs\\project_3\\project_3.sdk\\webtalk\\sdk_webtalk.wdm -intro "<H3>SDK Usage Report</H3><BR>"

    while executing
"webtalk_transmit -clientid 2495907398 -regid "174138381_174138382_210580151_041" -xml C:\\designs\\project_3\\project_3.sdk\\webtalk\\usage_statistics..."
    (file "sdk_webtalk.tcl" line 35)
INFO: [Common 17-206] Exiting Webtalk at Mon Mar 14 16:04:36 2016...
